<?xml version="1.0" encoding="UTF-8"?>
<coverage generated="1778863652213" clover="3.2.0">
  <project timestamp="1778863652213" name="All files">
    <metrics statements="22" coveredstatements="22" conditionals="4" coveredconditionals="3" methods="5" coveredmethods="5" elements="31" coveredelements="30" complexity="0" loc="22" ncloc="22" packages="1" files="1" classes="1"/>
    <file name="AuthContext.jsx" path="C:\dev\GymRobert\frontend-admin\src\context\AuthContext.jsx">
      <metrics statements="22" coveredstatements="22" conditionals="4" coveredconditionals="3" methods="5" coveredmethods="5"/>
      <line num="4" count="1" type="stmt"/>
      <line num="7" count="8" type="stmt"/>
      <line num="8" count="5" type="stmt"/>
      <line num="9" count="5" type="cond" truecount="2" falsecount="0"/>
      <line num="11" count="8" type="stmt"/>
      <line num="13" count="8" type="stmt"/>
      <line num="14" count="2" type="stmt"/>
      <line num="15" count="2" type="stmt"/>
      <line num="16" count="2" type="stmt"/>
      <line num="17" count="1" type="stmt"/>
      <line num="18" count="1" type="stmt"/>
      <line num="19" count="1" type="stmt"/>
      <line num="20" count="1" type="stmt"/>
      <line num="22" count="1" type="cond" truecount="1" falsecount="1"/>
      <line num="23" count="1" type="stmt"/>
      <line num="25" count="2" type="stmt"/>
      <line num="29" count="8" type="stmt"/>
      <line num="30" count="1" type="stmt"/>
      <line num="31" count="1" type="stmt"/>
      <line num="32" count="1" type="stmt"/>
      <line num="35" count="8" type="stmt"/>
      <line num="43" count="7" type="stmt"/>
    </file>
  </project>
</coverage>
