{"C:\\dev\\GymRobert\\frontend-admin\\src\\context\\AuthContext.jsx": {"path":"C:\\dev\\GymRobert\\frontend-admin\\src\\context\\AuthContext.jsx","statementMap":{"0":{"start":{"line":4,"column":6},"end":{"line":4,"column":null}},"1":{"start":{"line":7,"column":16},"end":{"line":10,"column":null}},"2":{"start":{"line":8,"column":18},"end":{"line":8,"column":null}},"3":{"start":{"line":9,"column":4},"end":{"line":9,"column":null}},"4":{"start":{"line":11,"column":19},"end":{"line":11,"column":null}},"5":{"start":{"line":13,"column":16},"end":{"line":27,"column":null}},"6":{"start":{"line":14,"column":4},"end":{"line":14,"column":null}},"7":{"start":{"line":15,"column":4},"end":{"line":26,"column":null}},"8":{"start":{"line":16,"column":23},"end":{"line":16,"column":null}},"9":{"start":{"line":17,"column":6},"end":{"line":17,"column":null}},"10":{"start":{"line":18,"column":6},"end":{"line":18,"column":null}},"11":{"start":{"line":19,"column":6},"end":{"line":19,"column":null}},"12":{"start":{"line":20,"column":6},"end":{"line":20,"column":null}},"13":{"start":{"line":22,"column":22},"end":{"line":22,"column":null}},"14":{"start":{"line":23,"column":6},"end":{"line":23,"column":null}},"15":{"start":{"line":25,"column":6},"end":{"line":25,"column":null}},"16":{"start":{"line":29,"column":8},"end":{"line":33,"column":null}},"17":{"start":{"line":30,"column":4},"end":{"line":30,"column":null}},"18":{"start":{"line":31,"column":4},"end":{"line":31,"column":null}},"19":{"start":{"line":32,"column":4},"end":{"line":32,"column":null}},"20":{"start":{"line":35,"column":2},"end":{"line":38,"column":null}},"21":{"start":{"line":43,"column":2},"end":{"line":43,"column":null}}},"fnMap":{"0":{"name":"AuthProvider","decl":{"start":{"line":6,"column":16},"end":{"line":6,"column":29}},"loc":{"start":{"line":6,"column":43},"end":{"line":40,"column":null}},"line":6},"1":{"name":"(anonymous_1)","decl":{"start":{"line":7,"column":30},"end":{"line":7,"column":45}},"loc":{"start":{"line":7,"column":45},"end":{"line":10,"column":3}},"line":7},"2":{"name":"(anonymous_2)","decl":{"start":{"line":13,"column":16},"end":{"line":13,"column":23}},"loc":{"start":{"line":13,"column":46},"end":{"line":27,"column":null}},"line":13},"3":{"name":"(anonymous_3)","decl":{"start":{"line":29,"column":8},"end":{"line":29,"column":23}},"loc":{"start":{"line":29,"column":23},"end":{"line":33,"column":null}},"line":29},"4":{"name":"useAuth","decl":{"start":{"line":42,"column":16},"end":{"line":42,"column":26}},"loc":{"start":{"line":42,"column":26},"end":{"line":44,"column":null}},"line":42}},"branchMap":{"0":{"loc":{"start":{"line":9,"column":11},"end":{"line":9,"column":null}},"type":"cond-expr","locations":[{"start":{"line":9,"column":19},"end":{"line":9,"column":39}},{"start":{"line":9,"column":39},"end":{"line":9,"column":null}}],"line":9},"1":{"loc":{"start":{"line":22,"column":22},"end":{"line":22,"column":null}},"type":"binary-expr","locations":[{"start":{"line":22,"column":22},"end":{"line":22,"column":51}},{"start":{"line":22,"column":51},"end":{"line":22,"column":null}}],"line":22}},"s":{"0":1,"1":8,"2":5,"3":5,"4":8,"5":8,"6":2,"7":2,"8":2,"9":1,"10":1,"11":1,"12":1,"13":1,"14":1,"15":2,"16":8,"17":1,"18":1,"19":1,"20":8,"21":7},"f":{"0":8,"1":5,"2":2,"3":1,"4":7},"b":{"0":[2,3],"1":[1,0]},"meta":{"lastBranch":2,"lastFunction":5,"lastStatement":22,"seen":{"s:4:6:4:Infinity":0,"f:6:16:6:29":0,"s:7:16:10:Infinity":1,"f:7:30:7:45":1,"s:8:18:8:Infinity":2,"s:9:4:9:Infinity":3,"b:9:19:9:39:9:39:9:Infinity":0,"s:11:19:11:Infinity":4,"s:13:16:27:Infinity":5,"f:13:16:13:23":2,"s:14:4:14:Infinity":6,"s:15:4:26:Infinity":7,"s:16:23:16:Infinity":8,"s:17:6:17:Infinity":9,"s:18:6:18:Infinity":10,"s:19:6:19:Infinity":11,"s:20:6:20:Infinity":12,"s:22:22:22:Infinity":13,"b:22:22:22:51:22:51:22:Infinity":1,"s:23:6:23:Infinity":14,"s:25:6:25:Infinity":15,"s:29:8:33:Infinity":16,"f:29:8:29:23":3,"s:30:4:30:Infinity":17,"s:31:4:31:Infinity":18,"s:32:4:32:Infinity":19,"s:35:2:38:Infinity":20,"f:42:16:42:26":4,"s:43:2:43:Infinity":21}}}
}
