{"C:\\dev\\GymRobert\\backend\\src\\controllers\\asistencia.controller.js": {"path":"C:\\dev\\GymRobert\\backend\\src\\controllers\\asistencia.controller.js","statementMap":{"0":{"start":{"line":2,"column":13},"end":{"line":2,"column":42}},"1":{"start":{"line":7,"column":24},"end":{"line":7,"column":32}},"2":{"start":{"line":9,"column":2},"end":{"line":11,"column":3}},"3":{"start":{"line":10,"column":4},"end":{"line":10,"column":69}},"4":{"start":{"line":13,"column":17},"end":{"line":13,"column":37}},"5":{"start":{"line":14,"column":2},"end":{"line":148,"column":3}},"6":{"start":{"line":15,"column":4},"end":{"line":15,"column":32}},"7":{"start":{"line":18,"column":34},"end":{"line":22,"column":5}},"8":{"start":{"line":24,"column":4},"end":{"line":31,"column":5}},"9":{"start":{"line":25,"column":6},"end":{"line":25,"column":37}},"10":{"start":{"line":26,"column":6},"end":{"line":30,"column":9}},"11":{"start":{"line":33,"column":20},"end":{"line":33,"column":34}},"12":{"start":{"line":36,"column":4},"end":{"line":44,"column":5}},"13":{"start":{"line":37,"column":6},"end":{"line":37,"column":37}},"14":{"start":{"line":38,"column":6},"end":{"line":43,"column":9}},"15":{"start":{"line":47,"column":36},"end":{"line":58,"column":5}},"16":{"start":{"line":60,"column":4},"end":{"line":69,"column":5}},"17":{"start":{"line":62,"column":6},"end":{"line":62,"column":37}},"18":{"start":{"line":63,"column":6},"end":{"line":68,"column":9}},"19":{"start":{"line":71,"column":22},"end":{"line":71,"column":38}},"20":{"start":{"line":74,"column":37},"end":{"line":79,"column":5}},"21":{"start":{"line":84,"column":4},"end":{"line":122,"column":5}},"22":{"start":{"line":86,"column":23},"end":{"line":91,"column":7}},"23":{"start":{"line":92,"column":6},"end":{"line":92,"column":27}},"24":{"start":{"line":93,"column":6},"end":{"line":93,"column":34}},"25":{"start":{"line":96,"column":23},"end":{"line":96,"column":40}},"26":{"start":{"line":98,"column":6},"end":{"line":121,"column":7}},"27":{"start":{"line":100,"column":25},"end":{"line":108,"column":9}},"28":{"start":{"line":109,"column":8},"end":{"line":109,"column":29}},"29":{"start":{"line":110,"column":8},"end":{"line":110,"column":35}},"30":{"start":{"line":114,"column":8},"end":{"line":114,"column":39}},"31":{"start":{"line":115,"column":8},"end":{"line":120,"column":11}},"32":{"start":{"line":124,"column":4},"end":{"line":124,"column":33}},"33":{"start":{"line":127,"column":4},"end":{"line":142,"column":7}},"34":{"start":{"line":144,"column":4},"end":{"line":144,"column":35}},"35":{"start":{"line":145,"column":4},"end":{"line":145,"column":14}},"36":{"start":{"line":147,"column":4},"end":{"line":147,"column":21}},"37":{"start":{"line":154,"column":2},"end":{"line":174,"column":3}},"38":{"start":{"line":155,"column":21},"end":{"line":169,"column":5}},"39":{"start":{"line":171,"column":4},"end":{"line":171,"column":19}},"40":{"start":{"line":173,"column":4},"end":{"line":173,"column":14}},"41":{"start":{"line":180,"column":2},"end":{"line":205,"column":3}},"42":{"start":{"line":181,"column":22},"end":{"line":181,"column":32}},"43":{"start":{"line":183,"column":21},"end":{"line":200,"column":5}},"44":{"start":{"line":202,"column":4},"end":{"line":202,"column":19}},"45":{"start":{"line":204,"column":4},"end":{"line":204,"column":14}},"46":{"start":{"line":211,"column":2},"end":{"line":286,"column":3}},"47":{"start":{"line":212,"column":17},"end":{"line":212,"column":41}},"48":{"start":{"line":213,"column":17},"end":{"line":213,"column":42}},"49":{"start":{"line":215,"column":4},"end":{"line":217,"column":5}},"50":{"start":{"line":216,"column":6},"end":{"line":216,"column":77}},"51":{"start":{"line":218,"column":4},"end":{"line":220,"column":5}},"52":{"start":{"line":219,"column":6},"end":{"line":219,"column":61}},"53":{"start":{"line":223,"column":30},"end":{"line":233,"column":5}},"54":{"start":{"line":236,"column":29},"end":{"line":247,"column":5}},"55":{"start":{"line":250,"column":35},"end":{"line":261,"column":5}},"56":{"start":{"line":264,"column":34},"end":{"line":276,"column":5}},"57":{"start":{"line":278,"column":4},"end":{"line":283,"column":7}},"58":{"start":{"line":285,"column":4},"end":{"line":285,"column":14}},"59":{"start":{"line":292,"column":25},"end":{"line":292,"column":33}},"60":{"start":{"line":294,"column":2},"end":{"line":296,"column":3}},"61":{"start":{"line":295,"column":4},"end":{"line":295,"column":70}},"62":{"start":{"line":298,"column":17},"end":{"line":298,"column":37}},"63":{"start":{"line":299,"column":2},"end":{"line":388,"column":3}},"64":{"start":{"line":300,"column":4},"end":{"line":300,"column":32}},"65":{"start":{"line":303,"column":34},"end":{"line":307,"column":5}},"66":{"start":{"line":309,"column":4},"end":{"line":312,"column":5}},"67":{"start":{"line":310,"column":6},"end":{"line":310,"column":37}},"68":{"start":{"line":311,"column":6},"end":{"line":311,"column":70}},"69":{"start":{"line":314,"column":20},"end":{"line":314,"column":34}},"70":{"start":{"line":317,"column":36},"end":{"line":327,"column":5}},"71":{"start":{"line":329,"column":4},"end":{"line":332,"column":5}},"72":{"start":{"line":330,"column":6},"end":{"line":330,"column":37}},"73":{"start":{"line":331,"column":6},"end":{"line":331,"column":85}},"74":{"start":{"line":335,"column":37},"end":{"line":339,"column":5}},"75":{"start":{"line":344,"column":4},"end":{"line":374,"column":5}},"76":{"start":{"line":346,"column":23},"end":{"line":351,"column":7}},"77":{"start":{"line":352,"column":6},"end":{"line":352,"column":27}},"78":{"start":{"line":353,"column":6},"end":{"line":353,"column":34}},"79":{"start":{"line":355,"column":23},"end":{"line":355,"column":40}},"80":{"start":{"line":357,"column":6},"end":{"line":373,"column":7}},"81":{"start":{"line":359,"column":25},"end":{"line":367,"column":9}},"82":{"start":{"line":368,"column":8},"end":{"line":368,"column":29}},"83":{"start":{"line":369,"column":8},"end":{"line":369,"column":35}},"84":{"start":{"line":371,"column":8},"end":{"line":371,"column":39}},"85":{"start":{"line":372,"column":8},"end":{"line":372,"column":91}},"86":{"start":{"line":376,"column":4},"end":{"line":376,"column":33}},"87":{"start":{"line":378,"column":4},"end":{"line":382,"column":7}},"88":{"start":{"line":384,"column":4},"end":{"line":384,"column":35}},"89":{"start":{"line":385,"column":4},"end":{"line":385,"column":14}},"90":{"start":{"line":387,"column":4},"end":{"line":387,"column":21}},"91":{"start":{"line":393,"column":2},"end":{"line":399,"column":4}},"92":{"start":{"line":402,"column":0},"end":{"line":402,"column":101}}},"fnMap":{"0":{"name":"registrarToque","decl":{"start":{"line":6,"column":15},"end":{"line":6,"column":29}},"loc":{"start":{"line":6,"column":46},"end":{"line":149,"column":1}},"line":6},"1":{"name":"asistenciasHoy","decl":{"start":{"line":153,"column":15},"end":{"line":153,"column":29}},"loc":{"start":{"line":153,"column":46},"end":{"line":175,"column":1}},"line":153},"2":{"name":"asistenciasDia","decl":{"start":{"line":179,"column":15},"end":{"line":179,"column":29}},"loc":{"start":{"line":179,"column":46},"end":{"line":206,"column":1}},"line":179},"3":{"name":"reporteMensual","decl":{"start":{"line":210,"column":15},"end":{"line":210,"column":29}},"loc":{"start":{"line":210,"column":46},"end":{"line":287,"column":1}},"line":210},"4":{"name":"registrarManual","decl":{"start":{"line":291,"column":15},"end":{"line":291,"column":30}},"loc":{"start":{"line":291,"column":47},"end":{"line":389,"column":1}},"line":291},"5":{"name":"formatearMiembro","decl":{"start":{"line":392,"column":9},"end":{"line":392,"column":25}},"loc":{"start":{"line":392,"column":35},"end":{"line":400,"column":1}},"line":392}},"branchMap":{"0":{"loc":{"start":{"line":9,"column":2},"end":{"line":11,"column":3}},"type":"if","locations":[{"start":{"line":9,"column":2},"end":{"line":11,"column":3}},{"start":{},"end":{}}],"line":9},"1":{"loc":{"start":{"line":24,"column":4},"end":{"line":31,"column":5}},"type":"if","locations":[{"start":{"line":24,"column":4},"end":{"line":31,"column":5}},{"start":{},"end":{}}],"line":24},"2":{"loc":{"start":{"line":36,"column":4},"end":{"line":44,"column":5}},"type":"if","locations":[{"start":{"line":36,"column":4},"end":{"line":44,"column":5}},{"start":{},"end":{}}],"line":36},"3":{"loc":{"start":{"line":60,"column":4},"end":{"line":69,"column":5}},"type":"if","locations":[{"start":{"line":60,"column":4},"end":{"line":69,"column":5}},{"start":{},"end":{}}],"line":60},"4":{"loc":{"start":{"line":84,"column":4},"end":{"line":122,"column":5}},"type":"if","locations":[{"start":{"line":84,"column":4},"end":{"line":122,"column":5}},{"start":{"line":95,"column":11},"end":{"line":122,"column":5}}],"line":84},"5":{"loc":{"start":{"line":98,"column":6},"end":{"line":121,"column":7}},"type":"if","locations":[{"start":{"line":98,"column":6},"end":{"line":121,"column":7}},{"start":{"line":112,"column":13},"end":{"line":121,"column":7}}],"line":98},"6":{"loc":{"start":{"line":215,"column":4},"end":{"line":217,"column":5}},"type":"if","locations":[{"start":{"line":215,"column":4},"end":{"line":217,"column":5}},{"start":{},"end":{}}],"line":215},"7":{"loc":{"start":{"line":215,"column":8},"end":{"line":215,"column":41}},"type":"binary-expr","locations":[{"start":{"line":215,"column":8},"end":{"line":215,"column":18}},{"start":{"line":215,"column":22},"end":{"line":215,"column":29}},{"start":{"line":215,"column":33},"end":{"line":215,"column":41}}],"line":215},"8":{"loc":{"start":{"line":218,"column":4},"end":{"line":220,"column":5}},"type":"if","locations":[{"start":{"line":218,"column":4},"end":{"line":220,"column":5}},{"start":{},"end":{}}],"line":218},"9":{"loc":{"start":{"line":218,"column":8},"end":{"line":218,"column":49}},"type":"binary-expr","locations":[{"start":{"line":218,"column":8},"end":{"line":218,"column":19}},{"start":{"line":218,"column":23},"end":{"line":218,"column":34}},{"start":{"line":218,"column":38},"end":{"line":218,"column":49}}],"line":218},"10":{"loc":{"start":{"line":294,"column":2},"end":{"line":296,"column":3}},"type":"if","locations":[{"start":{"line":294,"column":2},"end":{"line":296,"column":3}},{"start":{},"end":{}}],"line":294},"11":{"loc":{"start":{"line":309,"column":4},"end":{"line":312,"column":5}},"type":"if","locations":[{"start":{"line":309,"column":4},"end":{"line":312,"column":5}},{"start":{},"end":{}}],"line":309},"12":{"loc":{"start":{"line":329,"column":4},"end":{"line":332,"column":5}},"type":"if","locations":[{"start":{"line":329,"column":4},"end":{"line":332,"column":5}},{"start":{},"end":{}}],"line":329},"13":{"loc":{"start":{"line":344,"column":4},"end":{"line":374,"column":5}},"type":"if","locations":[{"start":{"line":344,"column":4},"end":{"line":374,"column":5}},{"start":{"line":354,"column":11},"end":{"line":374,"column":5}}],"line":344},"14":{"loc":{"start":{"line":357,"column":6},"end":{"line":373,"column":7}},"type":"if","locations":[{"start":{"line":357,"column":6},"end":{"line":373,"column":7}},{"start":{"line":370,"column":13},"end":{"line":373,"column":7}}],"line":357}},"s":{"0":2,"1":7,"2":7,"3":1,"4":6,"5":6,"6":6,"7":6,"8":6,"9":1,"10":1,"11":5,"12":5,"13":1,"14":1,"15":4,"16":4,"17":1,"18":1,"19":3,"20":3,"21":3,"22":1,"23":1,"24":1,"25":2,"26":2,"27":1,"28":1,"29":1,"30":1,"31":1,"32":2,"33":2,"34":0,"35":0,"36":6,"37":1,"38":1,"39":1,"40":0,"41":1,"42":1,"43":1,"44":1,"45":0,"46":3,"47":3,"48":3,"49":3,"50":1,"51":2,"52":1,"53":1,"54":1,"55":1,"56":1,"57":1,"58":0,"59":6,"60":6,"61":1,"62":5,"63":5,"64":5,"65":5,"66":5,"67":1,"68":1,"69":4,"70":4,"71":4,"72":1,"73":1,"74":3,"75":3,"76":1,"77":1,"78":1,"79":2,"80":2,"81":1,"82":1,"83":1,"84":1,"85":1,"86":2,"87":2,"88":0,"89":0,"90":5,"91":7,"92":2},"f":{"0":7,"1":1,"2":1,"3":3,"4":6,"5":7},"b":{"0":[1,6],"1":[1,5],"2":[1,4],"3":[1,3],"4":[1,2],"5":[1,1],"6":[1,2],"7":[3,3,3],"8":[1,1],"9":[2,2,1],"10":[1,5],"11":[1,4],"12":[1,3],"13":[1,2],"14":[1,1]},"_coverageSchema":"1a1c01bbd47fc00a2c39e90264f33305004495a9","hash":"3b38830fcbfdf8c5143137bcf4a492adfe7dd1c0"}
,"C:\\dev\\GymRobert\\backend\\src\\controllers\\pagos.controller.js": {"path":"C:\\dev\\GymRobert\\backend\\src\\controllers\\pagos.controller.js","statementMap":{"0":{"start":{"line":2,"column":13},"end":{"line":2,"column":42}},"1":{"start":{"line":7,"column":2},"end":{"line":41,"column":3}},"2":{"start":{"line":8,"column":26},"end":{"line":8,"column":35}},"3":{"start":{"line":10,"column":16},"end":{"line":21,"column":5}},"4":{"start":{"line":23,"column":19},"end":{"line":23,"column":21}},"5":{"start":{"line":24,"column":14},"end":{"line":24,"column":15}},"6":{"start":{"line":26,"column":4},"end":{"line":33,"column":5}},"7":{"start":{"line":27,"column":6},"end":{"line":28,"column":68}},"8":{"start":{"line":29,"column":6},"end":{"line":29,"column":49}},"9":{"start":{"line":30,"column":11},"end":{"line":33,"column":5}},"10":{"start":{"line":31,"column":6},"end":{"line":31,"column":67}},"11":{"start":{"line":32,"column":6},"end":{"line":32,"column":34}},"12":{"start":{"line":35,"column":4},"end":{"line":35,"column":44}},"13":{"start":{"line":37,"column":21},"end":{"line":37,"column":52}},"14":{"start":{"line":38,"column":4},"end":{"line":38,"column":19}},"15":{"start":{"line":40,"column":4},"end":{"line":40,"column":14}},"16":{"start":{"line":47,"column":2},"end":{"line":74,"column":3}},"17":{"start":{"line":48,"column":74},"end":{"line":48,"column":82}},"18":{"start":{"line":50,"column":4},"end":{"line":52,"column":5}},"19":{"start":{"line":51,"column":6},"end":{"line":51,"column":81}},"20":{"start":{"line":54,"column":21},"end":{"line":54,"column":38}},"21":{"start":{"line":55,"column":4},"end":{"line":57,"column":5}},"22":{"start":{"line":56,"column":6},"end":{"line":56,"column":86}},"23":{"start":{"line":59,"column":21},"end":{"line":69,"column":5}},"24":{"start":{"line":71,"column":4},"end":{"line":71,"column":34}},"25":{"start":{"line":73,"column":4},"end":{"line":73,"column":14}},"26":{"start":{"line":77,"column":0},"end":{"line":77,"column":48}}},"fnMap":{"0":{"name":"listarPagos","decl":{"start":{"line":6,"column":15},"end":{"line":6,"column":26}},"loc":{"start":{"line":6,"column":43},"end":{"line":42,"column":1}},"line":6},"1":{"name":"registrarPago","decl":{"start":{"line":46,"column":15},"end":{"line":46,"column":28}},"loc":{"start":{"line":46,"column":45},"end":{"line":75,"column":1}},"line":46}},"branchMap":{"0":{"loc":{"start":{"line":26,"column":4},"end":{"line":33,"column":5}},"type":"if","locations":[{"start":{"line":26,"column":4},"end":{"line":33,"column":5}},{"start":{"line":30,"column":11},"end":{"line":33,"column":5}}],"line":26},"1":{"loc":{"start":{"line":26,"column":8},"end":{"line":26,"column":19}},"type":"binary-expr","locations":[{"start":{"line":26,"column":8},"end":{"line":26,"column":11}},{"start":{"line":26,"column":15},"end":{"line":26,"column":19}}],"line":26},"2":{"loc":{"start":{"line":30,"column":11},"end":{"line":33,"column":5}},"type":"if","locations":[{"start":{"line":30,"column":11},"end":{"line":33,"column":5}},{"start":{},"end":{}}],"line":30},"3":{"loc":{"start":{"line":50,"column":4},"end":{"line":52,"column":5}},"type":"if","locations":[{"start":{"line":50,"column":4},"end":{"line":52,"column":5}},{"start":{},"end":{}}],"line":50},"4":{"loc":{"start":{"line":50,"column":8},"end":{"line":50,"column":31}},"type":"binary-expr","locations":[{"start":{"line":50,"column":8},"end":{"line":50,"column":21}},{"start":{"line":50,"column":25},"end":{"line":50,"column":31}}],"line":50},"5":{"loc":{"start":{"line":55,"column":4},"end":{"line":57,"column":5}},"type":"if","locations":[{"start":{"line":55,"column":4},"end":{"line":57,"column":5}},{"start":{},"end":{}}],"line":55},"6":{"loc":{"start":{"line":55,"column":8},"end":{"line":55,"column":40}},"type":"binary-expr","locations":[{"start":{"line":55,"column":8},"end":{"line":55,"column":23}},{"start":{"line":55,"column":27},"end":{"line":55,"column":40}}],"line":55},"7":{"loc":{"start":{"line":65,"column":8},"end":{"line":65,"column":33}},"type":"binary-expr","locations":[{"start":{"line":65,"column":8},"end":{"line":65,"column":19}},{"start":{"line":65,"column":23},"end":{"line":65,"column":33}}],"line":65},"8":{"loc":{"start":{"line":66,"column":8},"end":{"line":66,"column":27}},"type":"binary-expr","locations":[{"start":{"line":66,"column":8},"end":{"line":66,"column":18}},{"start":{"line":66,"column":23},"end":{"line":66,"column":27}}],"line":66},"9":{"loc":{"start":{"line":67,"column":8},"end":{"line":67,"column":27}},"type":"binary-expr","locations":[{"start":{"line":67,"column":8},"end":{"line":67,"column":19}},{"start":{"line":67,"column":23},"end":{"line":67,"column":27}}],"line":67}},"s":{"0":2,"1":1,"2":1,"3":1,"4":1,"5":1,"6":1,"7":0,"8":0,"9":1,"10":0,"11":0,"12":1,"13":1,"14":1,"15":0,"16":5,"17":5,"18":5,"19":2,"20":3,"21":3,"22":2,"23":1,"24":1,"25":0,"26":2},"f":{"0":1,"1":5},"b":{"0":[0,1],"1":[1,0],"2":[0,1],"3":[2,3],"4":[5,4],"5":[2,1],"6":[3,2],"7":[1,1],"8":[1,1],"9":[1,1]},"_coverageSchema":"1a1c01bbd47fc00a2c39e90264f33305004495a9","hash":"d7de4a379ec550aaf266073129e68fba5a9ad43a"}
,"C:\\dev\\GymRobert\\backend\\src\\middleware\\auth.js": {"path":"C:\\dev\\GymRobert\\backend\\src\\middleware\\auth.js","statementMap":{"0":{"start":{"line":2,"column":12},"end":{"line":2,"column":35}},"1":{"start":{"line":5,"column":21},"end":{"line":5,"column":49}},"2":{"start":{"line":6,"column":16},"end":{"line":6,"column":54}},"3":{"start":{"line":8,"column":2},"end":{"line":10,"column":3}},"4":{"start":{"line":9,"column":4},"end":{"line":9,"column":69}},"5":{"start":{"line":12,"column":2},"end":{"line":18,"column":3}},"6":{"start":{"line":13,"column":20},"end":{"line":13,"column":61}},"7":{"start":{"line":14,"column":4},"end":{"line":14,"column":24}},"8":{"start":{"line":15,"column":4},"end":{"line":15,"column":11}},"9":{"start":{"line":17,"column":4},"end":{"line":17,"column":72}},"10":{"start":{"line":21,"column":0},"end":{"line":21,"column":36}}},"fnMap":{"0":{"name":"verificarToken","decl":{"start":{"line":4,"column":9},"end":{"line":4,"column":23}},"loc":{"start":{"line":4,"column":40},"end":{"line":19,"column":1}},"line":4}},"branchMap":{"0":{"loc":{"start":{"line":6,"column":16},"end":{"line":6,"column":54}},"type":"binary-expr","locations":[{"start":{"line":6,"column":16},"end":{"line":6,"column":26}},{"start":{"line":6,"column":30},"end":{"line":6,"column":54}}],"line":6},"1":{"loc":{"start":{"line":8,"column":2},"end":{"line":10,"column":3}},"type":"if","locations":[{"start":{"line":8,"column":2},"end":{"line":10,"column":3}},{"start":{},"end":{}}],"line":8}},"s":{"0":3,"1":28,"2":28,"3":28,"4":7,"5":21,"6":21,"7":18,"8":18,"9":3,"10":3},"f":{"0":28},"b":{"0":[28,21],"1":[7,21]},"_coverageSchema":"1a1c01bbd47fc00a2c39e90264f33305004495a9","hash":"5f6ad0f10fa3348862331966ae33df5863bff94d"}
,"C:\\dev\\GymRobert\\backend\\src\\middleware\\errorHandler.js": {"path":"C:\\dev\\GymRobert\\backend\\src\\middleware\\errorHandler.js","statementMap":{"0":{"start":{"line":3,"column":2},"end":{"line":7,"column":3}},"1":{"start":{"line":4,"column":4},"end":{"line":4,"column":52}},"2":{"start":{"line":6,"column":4},"end":{"line":6,"column":41}},"3":{"start":{"line":10,"column":2},"end":{"line":12,"column":3}},"4":{"start":{"line":11,"column":4},"end":{"line":11,"column":88}},"5":{"start":{"line":15,"column":2},"end":{"line":17,"column":3}},"6":{"start":{"line":16,"column":4},"end":{"line":16,"column":89}},"7":{"start":{"line":19,"column":17},"end":{"line":19,"column":34}},"8":{"start":{"line":22,"column":18},"end":{"line":24,"column":43}},"9":{"start":{"line":26,"column":2},"end":{"line":26,"column":46}},"10":{"start":{"line":29,"column":0},"end":{"line":29,"column":34}}},"fnMap":{"0":{"name":"errorHandler","decl":{"start":{"line":2,"column":9},"end":{"line":2,"column":21}},"loc":{"start":{"line":2,"column":43},"end":{"line":27,"column":1}},"line":2}},"branchMap":{"0":{"loc":{"start":{"line":3,"column":2},"end":{"line":7,"column":3}},"type":"if","locations":[{"start":{"line":3,"column":2},"end":{"line":7,"column":3}},{"start":{"line":5,"column":9},"end":{"line":7,"column":3}}],"line":3},"1":{"loc":{"start":{"line":10,"column":2},"end":{"line":12,"column":3}},"type":"if","locations":[{"start":{"line":10,"column":2},"end":{"line":12,"column":3}},{"start":{},"end":{}}],"line":10},"2":{"loc":{"start":{"line":15,"column":2},"end":{"line":17,"column":3}},"type":"if","locations":[{"start":{"line":15,"column":2},"end":{"line":17,"column":3}},{"start":{},"end":{}}],"line":15},"3":{"loc":{"start":{"line":19,"column":17},"end":{"line":19,"column":34}},"type":"binary-expr","locations":[{"start":{"line":19,"column":17},"end":{"line":19,"column":27}},{"start":{"line":19,"column":31},"end":{"line":19,"column":34}}],"line":19},"4":{"loc":{"start":{"line":22,"column":18},"end":{"line":24,"column":43}},"type":"cond-expr","locations":[{"start":{"line":23,"column":6},"end":{"line":23,"column":34}},{"start":{"line":24,"column":7},"end":{"line":24,"column":42}}],"line":22},"5":{"loc":{"start":{"line":24,"column":7},"end":{"line":24,"column":42}},"type":"binary-expr","locations":[{"start":{"line":24,"column":7},"end":{"line":24,"column":18}},{"start":{"line":24,"column":22},"end":{"line":24,"column":42}}],"line":24}},"s":{"0":4,"1":4,"2":0,"3":4,"4":1,"5":3,"6":1,"7":2,"8":2,"9":2,"10":3},"f":{"0":4},"b":{"0":[4,0],"1":[1,3],"2":[1,2],"3":[2,1],"4":[1,1],"5":[1,0]},"_coverageSchema":"1a1c01bbd47fc00a2c39e90264f33305004495a9","hash":"1ee6ddaec90a143d82b98071906b93209c5ee6af"}
,"C:\\dev\\GymRobert\\backend\\src\\utils\\validaciones.js": {"path":"C:\\dev\\GymRobert\\backend\\src\\utils\\validaciones.js","statementMap":{"0":{"start":{"line":1,"column":17},"end":{"line":1,"column":38}},"1":{"start":{"line":4,"column":2},"end":{"line":4,"column":40}},"2":{"start":{"line":4,"column":27},"end":{"line":4,"column":40}},"3":{"start":{"line":5,"column":12},"end":{"line":5,"column":25}},"4":{"start":{"line":6,"column":2},"end":{"line":6,"column":39}},"5":{"start":{"line":6,"column":26},"end":{"line":6,"column":39}},"6":{"start":{"line":7,"column":17},"end":{"line":7,"column":31}},"7":{"start":{"line":8,"column":2},"end":{"line":8,"column":50}},"8":{"start":{"line":11,"column":0},"end":{"line":11,"column":35}}},"fnMap":{"0":{"name":"esFechaValida","decl":{"start":{"line":3,"column":9},"end":{"line":3,"column":22}},"loc":{"start":{"line":3,"column":28},"end":{"line":9,"column":1}},"line":3}},"branchMap":{"0":{"loc":{"start":{"line":4,"column":2},"end":{"line":4,"column":40}},"type":"if","locations":[{"start":{"line":4,"column":2},"end":{"line":4,"column":40}},{"start":{},"end":{}}],"line":4},"1":{"loc":{"start":{"line":6,"column":2},"end":{"line":6,"column":39}},"type":"if","locations":[{"start":{"line":6,"column":2},"end":{"line":6,"column":39}},{"start":{},"end":{}}],"line":6}},"s":{"0":3,"1":15,"2":8,"3":7,"4":7,"5":2,"6":5,"7":5,"8":3},"f":{"0":15},"b":{"0":[8,7],"1":[2,5]},"_coverageSchema":"1a1c01bbd47fc00a2c39e90264f33305004495a9","hash":"295d6cbc73546c4542e8661fb331ad090414c99f"}
}
