TN:
SF:src\controllers\asistencia.controller.js
FN:6,registrarToque
FN:153,asistenciasHoy
FN:179,asistenciasDia
FN:210,reporteMensual
FN:291,registrarManual
FN:392,formatearMiembro
FNF:6
FNH:6
FNDA:7,registrarToque
FNDA:1,asistenciasHoy
FNDA:1,asistenciasDia
FNDA:3,reporteMensual
FNDA:6,registrarManual
FNDA:7,formatearMiembro
DA:2,2
DA:7,7
DA:9,7
DA:10,1
DA:13,6
DA:14,6
DA:15,6
DA:18,6
DA:24,6
DA:25,1
DA:26,1
DA:33,5
DA:36,5
DA:37,1
DA:38,1
DA:47,4
DA:60,4
DA:62,1
DA:63,1
DA:71,3
DA:74,3
DA:84,3
DA:86,1
DA:92,1
DA:93,1
DA:96,2
DA:98,2
DA:100,1
DA:109,1
DA:110,1
DA:114,1
DA:115,1
DA:124,2
DA:127,2
DA:144,0
DA:145,0
DA:147,6
DA:154,1
DA:155,1
DA:171,1
DA:173,0
DA:180,1
DA:181,1
DA:183,1
DA:202,1
DA:204,0
DA:211,3
DA:212,3
DA:213,3
DA:215,3
DA:216,1
DA:218,2
DA:219,1
DA:223,1
DA:236,1
DA:250,1
DA:264,1
DA:278,1
DA:285,0
DA:292,6
DA:294,6
DA:295,1
DA:298,5
DA:299,5
DA:300,5
DA:303,5
DA:309,5
DA:310,1
DA:311,1
DA:314,4
DA:317,4
DA:329,4
DA:330,1
DA:331,1
DA:335,3
DA:344,3
DA:346,1
DA:352,1
DA:353,1
DA:355,2
DA:357,2
DA:359,1
DA:368,1
DA:369,1
DA:371,1
DA:372,1
DA:376,2
DA:378,2
DA:384,0
DA:385,0
DA:387,5
DA:393,7
DA:402,2
LF:93
LH:86
BRDA:9,0,0,1
BRDA:9,0,1,6
BRDA:24,1,0,1
BRDA:24,1,1,5
BRDA:36,2,0,1
BRDA:36,2,1,4
BRDA:60,3,0,1
BRDA:60,3,1,3
BRDA:84,4,0,1
BRDA:84,4,1,2
BRDA:98,5,0,1
BRDA:98,5,1,1
BRDA:215,6,0,1
BRDA:215,6,1,2
BRDA:215,7,0,3
BRDA:215,7,1,3
BRDA:215,7,2,3
BRDA:218,8,0,1
BRDA:218,8,1,1
BRDA:218,9,0,2
BRDA:218,9,1,2
BRDA:218,9,2,1
BRDA:294,10,0,1
BRDA:294,10,1,5
BRDA:309,11,0,1
BRDA:309,11,1,4
BRDA:329,12,0,1
BRDA:329,12,1,3
BRDA:344,13,0,1
BRDA:344,13,1,2
BRDA:357,14,0,1
BRDA:357,14,1,1
BRF:32
BRH:32
end_of_record
TN:
SF:src\controllers\pagos.controller.js
FN:6,listarPagos
FN:46,registrarPago
FNF:2
FNH:2
FNDA:1,listarPagos
FNDA:5,registrarPago
DA:2,2
DA:7,1
DA:8,1
DA:10,1
DA:23,1
DA:24,1
DA:26,1
DA:27,0
DA:29,0
DA:30,1
DA:31,0
DA:32,0
DA:35,1
DA:37,1
DA:38,1
DA:40,0
DA:47,5
DA:48,5
DA:50,5
DA:51,2
DA:54,3
DA:55,3
DA:56,2
DA:59,1
DA:71,1
DA:73,0
DA:77,2
LF:27
LH:21
BRDA:26,0,0,0
BRDA:26,0,1,1
BRDA:26,1,0,1
BRDA:26,1,1,0
BRDA:30,2,0,0
BRDA:30,2,1,1
BRDA:50,3,0,2
BRDA:50,3,1,3
BRDA:50,4,0,5
BRDA:50,4,1,4
BRDA:55,5,0,2
BRDA:55,5,1,1
BRDA:55,6,0,3
BRDA:55,6,1,2
BRDA:65,7,0,1
BRDA:65,7,1,1
BRDA:66,8,0,1
BRDA:66,8,1,1
BRDA:67,9,0,1
BRDA:67,9,1,1
BRF:20
BRH:17
end_of_record
TN:
SF:src\middleware\auth.js
FN:4,verificarToken
FNF:1
FNH:1
FNDA:28,verificarToken
DA:2,3
DA:5,28
DA:6,28
DA:8,28
DA:9,7
DA:12,21
DA:13,21
DA:14,18
DA:15,18
DA:17,3
DA:21,3
LF:11
LH:11
BRDA:6,0,0,28
BRDA:6,0,1,21
BRDA:8,1,0,7
BRDA:8,1,1,21
BRF:4
BRH:4
end_of_record
TN:
SF:src\middleware\errorHandler.js
FN:2,errorHandler
FNF:1
FNH:1
FNDA:4,errorHandler
DA:3,4
DA:4,4
DA:6,0
DA:10,4
DA:11,1
DA:15,3
DA:16,1
DA:19,2
DA:22,2
DA:26,2
DA:29,3
LF:11
LH:10
BRDA:3,0,0,4
BRDA:3,0,1,0
BRDA:10,1,0,1
BRDA:10,1,1,3
BRDA:15,2,0,1
BRDA:15,2,1,2
BRDA:19,3,0,2
BRDA:19,3,1,1
BRDA:22,4,0,1
BRDA:22,4,1,1
BRDA:24,5,0,1
BRDA:24,5,1,0
BRF:12
BRH:10
end_of_record
TN:
SF:src\utils\validaciones.js
FN:3,esFechaValida
FNF:1
FNH:1
FNDA:15,esFechaValida
DA:1,3
DA:4,15
DA:5,7
DA:6,7
DA:7,5
DA:8,5
DA:11,3
LF:7
LH:7
BRDA:4,0,0,8
BRDA:4,0,1,7
BRDA:6,1,0,2
BRDA:6,1,1,5
BRF:4
BRH:4
end_of_record
