{"C:\\dev\\GymRobert\\kiosko\\src\\hooks\\useSensor.js": {"path":"C:\\dev\\GymRobert\\kiosko\\src\\hooks\\useSensor.js","statementMap":{"0":{"start":{"line":3,"column":27},"end":{"line":3,"column":null}},"1":{"start":{"line":4,"column":27},"end":{"line":4,"column":null}},"2":{"start":{"line":5,"column":27},"end":{"line":5,"column":null}},"3":{"start":{"line":6,"column":27},"end":{"line":6,"column":null}},"4":{"start":{"line":7,"column":27},"end":{"line":7,"column":null}},"5":{"start":{"line":11,"column":20},"end":{"line":11,"column":null}},"6":{"start":{"line":12,"column":1},"end":{"line":12,"column":null}},"7":{"start":{"line":12,"column":20},"end":{"line":12,"column":48}},"8":{"start":{"line":14,"column":1},"end":{"line":36,"column":8}},"9":{"start":{"line":15,"column":4},"end":{"line":25,"column":null}},"10":{"start":{"line":16,"column":17},"end":{"line":16,"column":null}},"11":{"start":{"line":17,"column":6},"end":{"line":22,"column":null}},"12":{"start":{"line":18,"column":8},"end":{"line":21,"column":null}},"13":{"start":{"line":19,"column":32},"end":{"line":19,"column":null}},"14":{"start":{"line":20,"column":10},"end":{"line":20,"column":null}},"15":{"start":{"line":20,"column":25},"end":{"line":20,"column":null}},"16":{"start":{"line":23,"column":6},"end":{"line":23,"column":null}},"17":{"start":{"line":23,"column":25},"end":{"line":23,"column":null}},"18":{"start":{"line":24,"column":6},"end":{"line":24,"column":null}},"19":{"start":{"line":24,"column":19},"end":{"line":24,"column":null}},"20":{"start":{"line":27,"column":4},"end":{"line":35,"column":null}},"21":{"start":{"line":28,"column":24},"end":{"line":32,"column":null}},"22":{"start":{"line":29,"column":8},"end":{"line":29,"column":null}},"23":{"start":{"line":29,"column":42},"end":{"line":29,"column":null}},"24":{"start":{"line":30,"column":8},"end":{"line":30,"column":null}},"25":{"start":{"line":30,"column":41},"end":{"line":30,"column":null}},"26":{"start":{"line":31,"column":8},"end":{"line":31,"column":null}},"27":{"start":{"line":31,"column":41},"end":{"line":31,"column":null}},"28":{"start":{"line":33,"column":6},"end":{"line":33,"column":null}},"29":{"start":{"line":34,"column":6},"end":{"line":34,"column":null}},"30":{"start":{"line":34,"column":19},"end":{"line":34,"column":null}}},"fnMap":{"0":{"name":"useSensor","decl":{"start":{"line":9,"column":16},"end":{"line":9,"column":25}},"loc":{"start":{"line":9,"column":39},"end":{"line":37,"column":null}},"line":9},"1":{"name":"(anonymous_1)","decl":{"start":{"line":12,"column":12},"end":{"line":12,"column":13}},"loc":{"start":{"line":12,"column":18},"end":{"line":12,"column":50}},"line":12},"2":{"name":"(anonymous_2)","decl":{"start":{"line":14,"column":12},"end":{"line":14,"column":13}},"loc":{"start":{"line":14,"column":18},"end":{"line":36,"column":3}},"line":14},"3":{"name":"(anonymous_3)","decl":{"start":{"line":17,"column":21},"end":{"line":17,"column":22}},"loc":{"start":{"line":17,"column":28},"end":{"line":22,"column":null}},"line":17},"4":{"name":"(anonymous_4)","decl":{"start":{"line":23,"column":19},"end":{"line":23,"column":20}},"loc":{"start":{"line":23,"column":25},"end":{"line":23,"column":null}},"line":23},"5":{"name":"(anonymous_5)","decl":{"start":{"line":24,"column":13},"end":{"line":24,"column":14}},"loc":{"start":{"line":24,"column":19},"end":{"line":24,"column":null}},"line":24},"6":{"name":"(anonymous_6)","decl":{"start":{"line":28,"column":24},"end":{"line":28,"column":25}},"loc":{"start":{"line":28,"column":31},"end":{"line":32,"column":null}},"line":28},"7":{"name":"(anonymous_7)","decl":{"start":{"line":34,"column":13},"end":{"line":34,"column":14}},"loc":{"start":{"line":34,"column":19},"end":{"line":34,"column":null}},"line":34}},"branchMap":{"0":{"loc":{"start":{"line":3,"column":27},"end":{"line":3,"column":null}},"type":"binary-expr","locations":[{"start":{"line":3,"column":27},"end":{"line":3,"column":59}},{"start":{"line":3,"column":63},"end":{"line":3,"column":null}}],"line":3},"1":{"loc":{"start":{"line":4,"column":27},"end":{"line":4,"column":null}},"type":"binary-expr","locations":[{"start":{"line":4,"column":27},"end":{"line":4,"column":61}},{"start":{"line":4,"column":65},"end":{"line":4,"column":null}}],"line":4},"2":{"loc":{"start":{"line":15,"column":4},"end":{"line":25,"column":null}},"type":"if","locations":[{"start":{"line":15,"column":4},"end":{"line":25,"column":null}},{"start":{},"end":{}}],"line":15},"3":{"loc":{"start":{"line":20,"column":10},"end":{"line":20,"column":null}},"type":"if","locations":[{"start":{"line":20,"column":10},"end":{"line":20,"column":null}},{"start":{},"end":{}}],"line":20},"4":{"loc":{"start":{"line":27,"column":4},"end":{"line":35,"column":null}},"type":"if","locations":[{"start":{"line":27,"column":4},"end":{"line":35,"column":null}},{"start":{},"end":{}}],"line":27},"5":{"loc":{"start":{"line":29,"column":8},"end":{"line":29,"column":null}},"type":"if","locations":[{"start":{"line":29,"column":8},"end":{"line":29,"column":null}},{"start":{},"end":{}}],"line":29},"6":{"loc":{"start":{"line":30,"column":8},"end":{"line":30,"column":null}},"type":"if","locations":[{"start":{"line":30,"column":8},"end":{"line":30,"column":null}},{"start":{},"end":{}}],"line":30},"7":{"loc":{"start":{"line":31,"column":8},"end":{"line":31,"column":null}},"type":"if","locations":[{"start":{"line":31,"column":8},"end":{"line":31,"column":null}},{"start":{},"end":{}}],"line":31}},"s":{"0":1,"1":1,"2":1,"3":1,"4":1,"5":8,"6":8,"7":8,"8":8,"9":7,"10":0,"11":0,"12":0,"13":0,"14":0,"15":0,"16":0,"17":0,"18":0,"19":0,"20":7,"21":7,"22":8,"23":2,"24":8,"25":2,"26":8,"27":1,"28":7,"29":7,"30":7},"f":{"0":8,"1":8,"2":7,"3":0,"4":0,"5":0,"6":8,"7":7},"b":{"0":[1,1],"1":[1,1],"2":[0,7],"3":[0,0],"4":[7,0],"5":[2,6],"6":[2,6],"7":[1,7]},"meta":{"lastBranch":8,"lastFunction":8,"lastStatement":31,"seen":{"s:3:27:3:Infinity":0,"b:3:27:3:59:3:63:3:Infinity":0,"s:4:27:4:Infinity":1,"b:4:27:4:61:4:65:4:Infinity":1,"s:5:27:5:Infinity":2,"s:6:27:6:Infinity":3,"s:7:27:7:Infinity":4,"f:9:16:9:25":0,"s:11:20:11:Infinity":5,"s:12:1:12:Infinity":6,"f:12:12:12:13":1,"s:12:20:12:48":7,"s:14:1:36:8":8,"f:14:12:14:13":2,"b:15:4:25:Infinity:undefined:undefined:undefined:undefined":2,"s:15:4:25:Infinity":9,"s:16:17:16:Infinity":10,"s:17:6:22:Infinity":11,"f:17:21:17:22":3,"s:18:8:21:Infinity":12,"s:19:32:19:Infinity":13,"b:20:10:20:Infinity:undefined:undefined:undefined:undefined":3,"s:20:10:20:Infinity":14,"s:20:25:20:Infinity":15,"s:23:6:23:Infinity":16,"f:23:19:23:20":4,"s:23:25:23:Infinity":17,"s:24:6:24:Infinity":18,"f:24:13:24:14":5,"s:24:19:24:Infinity":19,"b:27:4:35:Infinity:undefined:undefined:undefined:undefined":4,"s:27:4:35:Infinity":20,"s:28:24:32:Infinity":21,"f:28:24:28:25":6,"b:29:8:29:Infinity:undefined:undefined:undefined:undefined":5,"s:29:8:29:Infinity":22,"s:29:42:29:Infinity":23,"b:30:8:30:Infinity:undefined:undefined:undefined:undefined":6,"s:30:8:30:Infinity":24,"s:30:41:30:Infinity":25,"b:31:8:31:Infinity:undefined:undefined:undefined:undefined":7,"s:31:8:31:Infinity":26,"s:31:41:31:Infinity":27,"s:33:6:33:Infinity":28,"s:34:6:34:Infinity":29,"f:34:13:34:14":7,"s:34:19:34:Infinity":30}}}
}
